2021-07-14 18:41:25.550357: I tensorflow/stream_executor/platform/default/dso_loader.cc:49] Successfully opened dynamic library libcudart.so.11.0
2021-07-14 18:41:28.568509: I tensorflow/compiler/jit/xla_cpu_device.cc:41] Not creating XLA devices, tf_xla_enable_xla_devices not set
2021-07-14 18:41:28.568625: I tensorflow/stream_executor/platform/default/dso_loader.cc:49] Successfully opened dynamic library libcuda.so.1
2021-07-14 18:41:28.614376: I tensorflow/stream_executor/cuda/cuda_gpu_executor.cc:941] successful NUMA node read from SysFS had negative value (-1), but there must be at least one NUMA node, so returning NUMA node zero
2021-07-14 18:41:28.614990: I tensorflow/core/common_runtime/gpu/gpu_device.cc:1720] Found device 0 with properties: 
pciBusID: 0000:00:1e.0 name: Tesla T4 computeCapability: 7.5
coreClock: 1.59GHz coreCount: 40 deviceMemorySize: 14.75GiB deviceMemoryBandwidth: 298.08GiB/s
2021-07-14 18:41:28.615017: I tensorflow/stream_executor/platform/default/dso_loader.cc:49] Successfully opened dynamic library libcudart.so.11.0
2021-07-14 18:41:28.617164: I tensorflow/stream_executor/platform/default/dso_loader.cc:49] Successfully opened dynamic library libcublas.so.11
2021-07-14 18:41:28.617239: I tensorflow/stream_executor/platform/default/dso_loader.cc:49] Successfully opened dynamic library libcublasLt.so.11
2021-07-14 18:41:28.618162: I tensorflow/stream_executor/platform/default/dso_loader.cc:49] Successfully opened dynamic library libcufft.so.10
2021-07-14 18:41:28.618443: I tensorflow/stream_executor/platform/default/dso_loader.cc:49] Successfully opened dynamic library libcurand.so.10
2021-07-14 18:41:28.620617: I tensorflow/stream_executor/platform/default/dso_loader.cc:49] Successfully opened dynamic library libcusolver.so.10
2021-07-14 18:41:28.621097: I tensorflow/stream_executor/platform/default/dso_loader.cc:49] Successfully opened dynamic library libcusparse.so.11
2021-07-14 18:41:28.621273: I tensorflow/stream_executor/platform/default/dso_loader.cc:49] Successfully opened dynamic library libcudnn.so.8
2021-07-14 18:41:28.621354: I tensorflow/stream_executor/cuda/cuda_gpu_executor.cc:941] successful NUMA node read from SysFS had negative value (-1), but there must be at least one NUMA node, so returning NUMA node zero
2021-07-14 18:41:28.621953: I tensorflow/stream_executor/cuda/cuda_gpu_executor.cc:941] successful NUMA node read from SysFS had negative value (-1), but there must be at least one NUMA node, so returning NUMA node zero
2021-07-14 18:41:28.622488: I tensorflow/core/common_runtime/gpu/gpu_device.cc:1862] Adding visible gpu devices: 0
2021-07-14 18:41:28.622707: I tensorflow/core/platform/cpu_feature_guard.cc:142] This TensorFlow binary is optimized with oneAPI Deep Neural Network Library (oneDNN) to use the following CPU instructions in performance-critical operations:  AVX512F
To enable them in other operations, rebuild TensorFlow with the appropriate compiler flags.
2021-07-14 18:41:28.622879: I tensorflow/compiler/jit/xla_gpu_device.cc:99] Not creating XLA devices, tf_xla_enable_xla_devices not set
2021-07-14 18:41:28.623008: I tensorflow/stream_executor/cuda/cuda_gpu_executor.cc:941] successful NUMA node read from SysFS had negative value (-1), but there must be at least one NUMA node, so returning NUMA node zero
2021-07-14 18:41:28.623581: I tensorflow/core/common_runtime/gpu/gpu_device.cc:1720] Found device 0 with properties: 
pciBusID: 0000:00:1e.0 name: Tesla T4 computeCapability: 7.5
coreClock: 1.59GHz coreCount: 40 deviceMemorySize: 14.75GiB deviceMemoryBandwidth: 298.08GiB/s
2021-07-14 18:41:28.623605: I tensorflow/stream_executor/platform/default/dso_loader.cc:49] Successfully opened dynamic library libcudart.so.11.0
2021-07-14 18:41:28.623633: I tensorflow/stream_executor/platform/default/dso_loader.cc:49] Successfully opened dynamic library libcublas.so.11
2021-07-14 18:41:28.623648: I tensorflow/stream_executor/platform/default/dso_loader.cc:49] Successfully opened dynamic library libcublasLt.so.11
2021-07-14 18:41:28.623662: I tensorflow/stream_executor/platform/default/dso_loader.cc:49] Successfully opened dynamic library libcufft.so.10
2021-07-14 18:41:28.623685: I tensorflow/stream_executor/platform/default/dso_loader.cc:49] Successfully opened dynamic library libcurand.so.10
2021-07-14 18:41:28.623700: I tensorflow/stream_executor/platform/default/dso_loader.cc:49] Successfully opened dynamic library libcusolver.so.10
2021-07-14 18:41:28.623714: I tensorflow/stream_executor/platform/default/dso_loader.cc:49] Successfully opened dynamic library libcusparse.so.11
2021-07-14 18:41:28.623729: I tensorflow/stream_executor/platform/default/dso_loader.cc:49] Successfully opened dynamic library libcudnn.so.8
2021-07-14 18:41:28.623783: I tensorflow/stream_executor/cuda/cuda_gpu_executor.cc:941] successful NUMA node read from SysFS had negative value (-1), but there must be at least one NUMA node, so returning NUMA node zero
2021-07-14 18:41:28.624349: I tensorflow/stream_executor/cuda/cuda_gpu_executor.cc:941] successful NUMA node read from SysFS had negative value (-1), but there must be at least one NUMA node, so returning NUMA node zero
2021-07-14 18:41:28.624878: I tensorflow/core/common_runtime/gpu/gpu_device.cc:1862] Adding visible gpu devices: 0
2021-07-14 18:41:28.624908: I tensorflow/stream_executor/platform/default/dso_loader.cc:49] Successfully opened dynamic library libcudart.so.11.0
2021-07-14 18:41:29.206796: I tensorflow/core/common_runtime/gpu/gpu_device.cc:1261] Device interconnect StreamExecutor with strength 1 edge matrix:
2021-07-14 18:41:29.206836: I tensorflow/core/common_runtime/gpu/gpu_device.cc:1267]      0 
2021-07-14 18:41:29.206844: I tensorflow/core/common_runtime/gpu/gpu_device.cc:1280] 0:   N 
2021-07-14 18:41:29.207084: I tensorflow/stream_executor/cuda/cuda_gpu_executor.cc:941] successful NUMA node read from SysFS had negative value (-1), but there must be at least one NUMA node, so returning NUMA node zero
2021-07-14 18:41:29.207710: I tensorflow/stream_executor/cuda/cuda_gpu_executor.cc:941] successful NUMA node read from SysFS had negative value (-1), but there must be at least one NUMA node, so returning NUMA node zero
2021-07-14 18:41:29.208271: I tensorflow/stream_executor/cuda/cuda_gpu_executor.cc:941] successful NUMA node read from SysFS had negative value (-1), but there must be at least one NUMA node, so returning NUMA node zero
2021-07-14 18:41:29.208809: I tensorflow/core/common_runtime/gpu/gpu_device.cc:1406] Created TensorFlow device (/job:localhost/replica:0/task:0/device:GPU:0 with 13968 MB memory) -> physical GPU (device: 0, name: Tesla T4, pci bus id: 0000:00:1e.0, compute capability: 7.5)
2021-07-14 18:41:36.582734: I tensorflow/compiler/mlir/mlir_graph_optimization_pass.cc:116] None of the MLIR optimization passes are enabled (registered 2)
2021-07-14 18:41:36.659056: I tensorflow/core/platform/profile_utils/cpu_utils.cc:112] CPU Frequency: 2499995000 Hz
2021-07-14 18:41:37.651329: I tensorflow/compiler/tf2tensorrt/common/utils.cc:58] Linked TensorRT version: 7.1.3
2021-07-14 18:41:37.664972: I tensorflow/stream_executor/platform/default/dso_loader.cc:49] Successfully opened dynamic library libnvinfer.so.7
2021-07-14 18:41:37.665006: I tensorflow/compiler/tf2tensorrt/common/utils.cc:60] Loaded TensorRT version: 7.1.3
2021-07-14 18:41:37.665822: I tensorflow/stream_executor/platform/default/dso_loader.cc:49] Successfully opened dynamic library libnvinfer_plugin.so.7
2021-07-14 18:41:38.217852: W tensorflow/compiler/tf2tensorrt/utils/trt_logger.cc:38] TF-TRT Warning: DefaultLogger Setting layouts of network and plugin input/output tensors to linear, as 3D operators are found and 3D non-linear IO formats are not supported, yet.
2021-07-14 18:43:13.076022: I tensorflow/stream_executor/platform/default/dso_loader.cc:49] Successfully opened dynamic library libcudart.so.11.0
2021-07-14 18:43:15.022964: I tensorflow/core/platform/cpu_feature_guard.cc:142] This TensorFlow binary is optimized with oneAPI Deep Neural Network Library (oneDNN) to use the following CPU instructions in performance-critical operations:  AVX512F
To enable them in other operations, rebuild TensorFlow with the appropriate compiler flags.
2021-07-14 18:43:15.023191: I tensorflow/compiler/jit/xla_gpu_device.cc:99] Not creating XLA devices, tf_xla_enable_xla_devices not set
2021-07-14 18:43:15.023245: I tensorflow/stream_executor/platform/default/dso_loader.cc:49] Successfully opened dynamic library libcuda.so.1
2021-07-14 18:43:15.061098: I tensorflow/stream_executor/cuda/cuda_gpu_executor.cc:941] successful NUMA node read from SysFS had negative value (-1), but there must be at least one NUMA node, so returning NUMA node zero
2021-07-14 18:43:15.061692: I tensorflow/core/common_runtime/gpu/gpu_device.cc:1720] Found device 0 with properties: 
pciBusID: 0000:00:1e.0 name: Tesla T4 computeCapability: 7.5
coreClock: 1.59GHz coreCount: 40 deviceMemorySize: 14.75GiB deviceMemoryBandwidth: 298.08GiB/s
2021-07-14 18:43:15.061712: I tensorflow/stream_executor/platform/default/dso_loader.cc:49] Successfully opened dynamic library libcudart.so.11.0
2021-07-14 18:43:15.064359: I tensorflow/stream_executor/platform/default/dso_loader.cc:49] Successfully opened dynamic library libcublas.so.11
2021-07-14 18:43:15.064414: I tensorflow/stream_executor/platform/default/dso_loader.cc:49] Successfully opened dynamic library libcublasLt.so.11
2021-07-14 18:43:15.065530: I tensorflow/stream_executor/platform/default/dso_loader.cc:49] Successfully opened dynamic library libcufft.so.10
2021-07-14 18:43:15.065784: I tensorflow/stream_executor/platform/default/dso_loader.cc:49] Successfully opened dynamic library libcurand.so.10
2021-07-14 18:43:15.068736: I tensorflow/stream_executor/platform/default/dso_loader.cc:49] Successfully opened dynamic library libcusolver.so.10
2021-07-14 18:43:15.069386: I tensorflow/stream_executor/platform/default/dso_loader.cc:49] Successfully opened dynamic library libcusparse.so.11
2021-07-14 18:43:15.069525: I tensorflow/stream_executor/platform/default/dso_loader.cc:49] Successfully opened dynamic library libcudnn.so.8
2021-07-14 18:43:15.069603: I tensorflow/stream_executor/cuda/cuda_gpu_executor.cc:941] successful NUMA node read from SysFS had negative value (-1), but there must be at least one NUMA node, so returning NUMA node zero
2021-07-14 18:43:15.070205: I tensorflow/stream_executor/cuda/cuda_gpu_executor.cc:941] successful NUMA node read from SysFS had negative value (-1), but there must be at least one NUMA node, so returning NUMA node zero
2021-07-14 18:43:15.070744: I tensorflow/core/common_runtime/gpu/gpu_device.cc:1862] Adding visible gpu devices: 0
2021-07-14 18:43:15.070772: I tensorflow/stream_executor/platform/default/dso_loader.cc:49] Successfully opened dynamic library libcudart.so.11.0
2021-07-14 18:43:15.702523: I tensorflow/core/common_runtime/gpu/gpu_device.cc:1261] Device interconnect StreamExecutor with strength 1 edge matrix:
2021-07-14 18:43:15.702563: I tensorflow/core/common_runtime/gpu/gpu_device.cc:1267]      0 
2021-07-14 18:43:15.702571: I tensorflow/core/common_runtime/gpu/gpu_device.cc:1280] 0:   N 
2021-07-14 18:43:15.702794: I tensorflow/stream_executor/cuda/cuda_gpu_executor.cc:941] successful NUMA node read from SysFS had negative value (-1), but there must be at least one NUMA node, so returning NUMA node zero
2021-07-14 18:43:15.703477: I tensorflow/stream_executor/cuda/cuda_gpu_executor.cc:941] successful NUMA node read from SysFS had negative value (-1), but there must be at least one NUMA node, so returning NUMA node zero
2021-07-14 18:43:15.704046: I tensorflow/stream_executor/cuda/cuda_gpu_executor.cc:941] successful NUMA node read from SysFS had negative value (-1), but there must be at least one NUMA node, so returning NUMA node zero
2021-07-14 18:43:15.704587: I tensorflow/core/common_runtime/gpu/gpu_device.cc:1406] Created TensorFlow device (/job:localhost/replica:0/task:0/device:GPU:0 with 7554 MB memory) -> physical GPU (device: 0, name: Tesla T4, pci bus id: 0000:00:1e.0, compute capability: 7.5)
WARNING:tensorflow:From main.py:19: The name tf.keras.backend.set_session is deprecated. Please use tf.compat.v1.keras.backend.set_session instead.

2021-07-14 18:43:15.705360: I tensorflow/compiler/jit/xla_cpu_device.cc:41] Not creating XLA devices, tf_xla_enable_xla_devices not set
2021-07-14 18:43:15.705500: I tensorflow/stream_executor/cuda/cuda_gpu_executor.cc:941] successful NUMA node read from SysFS had negative value (-1), but there must be at least one NUMA node, so returning NUMA node zero
2021-07-14 18:43:15.706060: I tensorflow/core/common_runtime/gpu/gpu_device.cc:1720] Found device 0 with properties: 
pciBusID: 0000:00:1e.0 name: Tesla T4 computeCapability: 7.5
coreClock: 1.59GHz coreCount: 40 deviceMemorySize: 14.75GiB deviceMemoryBandwidth: 298.08GiB/s
2021-07-14 18:43:15.706090: I tensorflow/stream_executor/platform/default/dso_loader.cc:49] Successfully opened dynamic library libcudart.so.11.0
2021-07-14 18:43:15.706128: I tensorflow/stream_executor/platform/default/dso_loader.cc:49] Successfully opened dynamic library libcublas.so.11
2021-07-14 18:43:15.706141: I tensorflow/stream_executor/platform/default/dso_loader.cc:49] Successfully opened dynamic library libcublasLt.so.11
2021-07-14 18:43:15.706153: I tensorflow/stream_executor/platform/default/dso_loader.cc:49] Successfully opened dynamic library libcufft.so.10
2021-07-14 18:43:15.706165: I tensorflow/stream_executor/platform/default/dso_loader.cc:49] Successfully opened dynamic library libcurand.so.10
2021-07-14 18:43:15.706177: I tensorflow/stream_executor/platform/default/dso_loader.cc:49] Successfully opened dynamic library libcusolver.so.10
2021-07-14 18:43:15.706189: I tensorflow/stream_executor/platform/default/dso_loader.cc:49] Successfully opened dynamic library libcusparse.so.11
2021-07-14 18:43:15.706201: I tensorflow/stream_executor/platform/default/dso_loader.cc:49] Successfully opened dynamic library libcudnn.so.8
2021-07-14 18:43:15.706261: I tensorflow/stream_executor/cuda/cuda_gpu_executor.cc:941] successful NUMA node read from SysFS had negative value (-1), but there must be at least one NUMA node, so returning NUMA node zero
2021-07-14 18:43:15.706816: I tensorflow/stream_executor/cuda/cuda_gpu_executor.cc:941] successful NUMA node read from SysFS had negative value (-1), but there must be at least one NUMA node, so returning NUMA node zero
2021-07-14 18:43:15.707346: I tensorflow/core/common_runtime/gpu/gpu_device.cc:1862] Adding visible gpu devices: 0
2021-07-14 18:43:16.802642: I tensorflow/compiler/jit/xla_gpu_device.cc:99] Not creating XLA devices, tf_xla_enable_xla_devices not set
2021-07-14 18:43:16.802843: I tensorflow/stream_executor/cuda/cuda_gpu_executor.cc:941] successful NUMA node read from SysFS had negative value (-1), but there must be at least one NUMA node, so returning NUMA node zero
2021-07-14 18:43:16.803453: I tensorflow/core/common_runtime/gpu/gpu_device.cc:1720] Found device 0 with properties: 
pciBusID: 0000:00:1e.0 name: Tesla T4 computeCapability: 7.5
coreClock: 1.59GHz coreCount: 40 deviceMemorySize: 14.75GiB deviceMemoryBandwidth: 298.08GiB/s
2021-07-14 18:43:16.803490: I tensorflow/stream_executor/platform/default/dso_loader.cc:49] Successfully opened dynamic library libcudart.so.11.0
2021-07-14 18:43:16.803529: I tensorflow/stream_executor/platform/default/dso_loader.cc:49] Successfully opened dynamic library libcublas.so.11
2021-07-14 18:43:16.803541: I tensorflow/stream_executor/platform/default/dso_loader.cc:49] Successfully opened dynamic library libcublasLt.so.11
2021-07-14 18:43:16.803554: I tensorflow/stream_executor/platform/default/dso_loader.cc:49] Successfully opened dynamic library libcufft.so.10
2021-07-14 18:43:16.803565: I tensorflow/stream_executor/platform/default/dso_loader.cc:49] Successfully opened dynamic library libcurand.so.10
2021-07-14 18:43:16.803577: I tensorflow/stream_executor/platform/default/dso_loader.cc:49] Successfully opened dynamic library libcusolver.so.10
2021-07-14 18:43:16.803589: I tensorflow/stream_executor/platform/default/dso_loader.cc:49] Successfully opened dynamic library libcusparse.so.11
2021-07-14 18:43:16.803601: I tensorflow/stream_executor/platform/default/dso_loader.cc:49] Successfully opened dynamic library libcudnn.so.8
2021-07-14 18:43:16.803688: I tensorflow/stream_executor/cuda/cuda_gpu_executor.cc:941] successful NUMA node read from SysFS had negative value (-1), but there must be at least one NUMA node, so returning NUMA node zero
2021-07-14 18:43:16.804252: I tensorflow/stream_executor/cuda/cuda_gpu_executor.cc:941] successful NUMA node read from SysFS had negative value (-1), but there must be at least one NUMA node, so returning NUMA node zero
2021-07-14 18:43:16.804767: I tensorflow/core/common_runtime/gpu/gpu_device.cc:1862] Adding visible gpu devices: 0
2021-07-14 18:43:16.804795: I tensorflow/core/common_runtime/gpu/gpu_device.cc:1261] Device interconnect StreamExecutor with strength 1 edge matrix:
2021-07-14 18:43:16.804802: I tensorflow/core/common_runtime/gpu/gpu_device.cc:1267]      0 
2021-07-14 18:43:16.804808: I tensorflow/core/common_runtime/gpu/gpu_device.cc:1280] 0:   N 
2021-07-14 18:43:16.804890: I tensorflow/stream_executor/cuda/cuda_gpu_executor.cc:941] successful NUMA node read from SysFS had negative value (-1), but there must be at least one NUMA node, so returning NUMA node zero
2021-07-14 18:43:16.805447: I tensorflow/stream_executor/cuda/cuda_gpu_executor.cc:941] successful NUMA node read from SysFS had negative value (-1), but there must be at least one NUMA node, so returning NUMA node zero
2021-07-14 18:43:16.805983: I tensorflow/core/common_runtime/gpu/gpu_device.cc:1406] Created TensorFlow device (/job:localhost/replica:0/task:0/device:GPU:0 with 7554 MB memory) -> physical GPU (device: 0, name: Tesla T4, pci bus id: 0000:00:1e.0, compute capability: 7.5)
2021-07-14 18:43:24.001369: I tensorflow/compiler/mlir/mlir_graph_optimization_pass.cc:116] None of the MLIR optimization passes are enabled (registered 2)
2021-07-14 18:43:24.079061: I tensorflow/core/platform/profile_utils/cpu_utils.cc:112] CPU Frequency: 2499995000 Hz
2021-07-14 18:43:25.060601: I tensorflow/compiler/tf2tensorrt/common/utils.cc:58] Linked TensorRT version: 7.1.3
2021-07-14 18:43:25.074187: I tensorflow/stream_executor/platform/default/dso_loader.cc:49] Successfully opened dynamic library libnvinfer.so.7
2021-07-14 18:43:25.074222: I tensorflow/compiler/tf2tensorrt/common/utils.cc:60] Loaded TensorRT version: 7.1.3
2021-07-14 18:43:25.075067: I tensorflow/stream_executor/platform/default/dso_loader.cc:49] Successfully opened dynamic library libnvinfer_plugin.so.7
2021-07-14 18:43:25.634666: W tensorflow/compiler/tf2tensorrt/utils/trt_logger.cc:38] TF-TRT Warning: DefaultLogger Setting layouts of network and plugin input/output tensors to linear, as 3D operators are found and 3D non-linear IO formats are not supported, yet.
2021-07-14 18:44:18.713519: I tensorflow/stream_executor/platform/default/dso_loader.cc:49] Successfully opened dynamic library libcudnn.so.8
2021-07-14 18:44:19.389411: I tensorflow/stream_executor/platform/default/dso_loader.cc:49] Successfully opened dynamic library libcublas.so.11
2021-07-14 18:44:19.391350: I tensorflow/stream_executor/platform/default/dso_loader.cc:49] Successfully opened dynamic library libcublasLt.so.11
2021-07-14 18:44:19.453618: W tensorflow/compiler/tf2tensorrt/utils/trt_logger.cc:38] TF-TRT Warning: DefaultLogger Setting layouts of network and plugin input/output tensors to linear, as 3D operators are found and 3D non-linear IO formats are not supported, yet.
2021-07-14 18:44:22.538356: W tensorflow/compiler/tf2tensorrt/utils/trt_logger.cc:38] TF-TRT Warning: DefaultLogger Setting layouts of network and plugin input/output tensors to linear, as 3D operators are found and 3D non-linear IO formats are not supported, yet.
2021-07-14 18:44:26.127553: W tensorflow/compiler/tf2tensorrt/utils/trt_logger.cc:38] TF-TRT Warning: DefaultLogger Setting layouts of network and plugin input/output tensors to linear, as 3D operators are found and 3D non-linear IO formats are not supported, yet.
2021-07-14 18:44:31.804745: W tensorflow/compiler/tf2tensorrt/utils/trt_logger.cc:38] TF-TRT Warning: DefaultLogger Setting layouts of network and plugin input/output tensors to linear, as 3D operators are found and 3D non-linear IO formats are not supported, yet.
processing dcm to nii
output of ggo at  /home/ubuntu/uploads/test/test/nifti
completed loading files
<class 'miscnn.neural_network.data_generator.DataGenerator'>
9
processing a batch
output shape:  (1, 160, 160, 80, 4)
processing a batch
output shape:  (1, 160, 160, 80, 4)
processing a batch
output shape:  (1, 160, 160, 80, 4)
processing a batch
output shape:  (1, 160, 160, 80, 4)
processing a batch
output shape:  (1, 160, 160, 80, 4)
processing a batch
output shape:  (1, 160, 160, 80, 4)
processing a batch
output shape:  (1, 160, 160, 80, 4)
processing a batch
output shape:  (1, 160, 160, 80, 4)
processing a batch
output shape:  (1, 160, 160, 80, 4)
/home/ubuntu/uploads/test/test/nifti/processed_ggo.nii.gz
ggo prediction complete in  96.3146653175354  seconds
starting post processing
Traceback (most recent call last):
  File "/root/miniconda3/envs/trt2/lib/python3.7/site-packages/nibabel/loadsave.py", line 42, in load
    stat_result = os.stat(filename)
FileNotFoundError: [Errno 2] No such file or directory: '../uploads/test/test/nifti/processed_lobe.nii.gz'

During handling of the above exception, another exception occurred:

Traceback (most recent call last):
  File "main.py", line 74, in <module>
    img_lobe = nib.load(output_folder + 'processed_lobe.nii.gz')
  File "/root/miniconda3/envs/trt2/lib/python3.7/site-packages/nibabel/loadsave.py", line 44, in load
    raise FileNotFoundError("No such file or no access: '%s'" % filename)
FileNotFoundError: No such file or no access: '../uploads/test/test/nifti/processed_lobe.nii.gz'
